2023-03-23 10:29:41 [scrapy.utils.log] INFO: Scrapy 2.8.0 started (bot: myfirstPj)
2023-03-23 10:29:41 [scrapy.utils.log] INFO: Versions: lxml 4.9.2.0, libxml2 2.9.12, cssselect 1.2.0, parsel 1.7.0, w3lib 2.1.1, Twisted 22.10.0, Python 3.9.12 (tags/v3.9.12:b28265d, Mar 23 2022, 23:52:46) [MSC v.1929 64 bit (AMD64)], pyOpenSSL 23.0.0 (OpenSSL 3.0.8 7 Feb 2023), cryptography 39.0.2, Platform Windows-10-10.0.22621-SP0
2023-03-23 10:29:41 [scrapy.crawler] INFO: Overridden settings:
{'BOT_NAME': 'myfirstPj',
 'CONCURRENT_REQUESTS': 32,
 'COOKIES_ENABLED': False,
 'DOWNLOAD_DELAY': 3,
 'FEED_EXPORT_ENCODING': 'utf-8',
 'LOG_FILE': 'baidu.log',
 'NEWSPIDER_MODULE': 'myfirstPj.spiders',
 'REQUEST_FINGERPRINTER_IMPLEMENTATION': '2.7',
 'SPIDER_MODULES': ['myfirstPj.spiders'],
 'TWISTED_REACTOR': 'twisted.internet.asyncioreactor.AsyncioSelectorReactor',
 'USER_AGENT': 'Mozilla/5.0'}
2023-03-23 10:29:41 [asyncio] DEBUG: Using selector: SelectSelector
2023-03-23 10:29:41 [scrapy.utils.log] DEBUG: Using reactor: twisted.internet.asyncioreactor.AsyncioSelectorReactor
2023-03-23 10:29:41 [scrapy.utils.log] DEBUG: Using asyncio event loop: asyncio.windows_events._WindowsSelectorEventLoop
2023-03-23 10:29:41 [scrapy.extensions.telnet] INFO: Telnet Password: 2c09c0791fec411f
2023-03-23 10:29:41 [scrapy.middleware] INFO: Enabled extensions:
['scrapy.extensions.corestats.CoreStats',
 'scrapy.extensions.telnet.TelnetConsole',
 'scrapy.extensions.logstats.LogStats']
2023-03-23 10:29:41 [scrapy.middleware] INFO: Enabled downloader middlewares:
['scrapy.downloadermiddlewares.httpauth.HttpAuthMiddleware',
 'scrapy.downloadermiddlewares.downloadtimeout.DownloadTimeoutMiddleware',
 'scrapy.downloadermiddlewares.defaultheaders.DefaultHeadersMiddleware',
 'scrapy.downloadermiddlewares.useragent.UserAgentMiddleware',
 'scrapy.downloadermiddlewares.retry.RetryMiddleware',
 'scrapy.downloadermiddlewares.redirect.MetaRefreshMiddleware',
 'scrapy.downloadermiddlewares.httpcompression.HttpCompressionMiddleware',
 'scrapy.downloadermiddlewares.redirect.RedirectMiddleware',
 'scrapy.downloadermiddlewares.httpproxy.HttpProxyMiddleware',
 'scrapy.downloadermiddlewares.stats.DownloaderStats']
2023-03-23 10:29:41 [scrapy.middleware] INFO: Enabled spider middlewares:
['scrapy.spidermiddlewares.httperror.HttpErrorMiddleware',
 'scrapy.spidermiddlewares.offsite.OffsiteMiddleware',
 'scrapy.spidermiddlewares.referer.RefererMiddleware',
 'scrapy.spidermiddlewares.urllength.UrlLengthMiddleware',
 'scrapy.spidermiddlewares.depth.DepthMiddleware']
2023-03-23 10:29:41 [scrapy.middleware] INFO: Enabled item pipelines:
['myfirstPj.pipelines.BaiduMysqlPipeline', 'myfirstPj.pipelines.BaiduPipeline']
2023-03-23 10:29:41 [scrapy.core.engine] INFO: Spider opened
2023-03-23 10:29:41 [scrapy.extensions.logstats] INFO: Crawled 0 pages (at 0 pages/min), scraped 0 items (at 0 items/min)
2023-03-23 10:29:41 [scrapy.extensions.telnet] INFO: Telnet console listening on 127.0.0.1:6023
2023-03-23 10:29:41 [scrapy.core.engine] DEBUG: Crawled (200) <GET http://www.baidu.com/> (referer: None)
2023-03-23 10:29:41 [scrapy.core.engine] INFO: Closing spider (finished)
2023-03-23 10:29:41 [scrapy.statscollectors] INFO: Dumping Scrapy stats:
{'downloader/request_bytes': 190,
 'downloader/request_count': 1,
 'downloader/request_method_count/GET': 1,
 'downloader/response_bytes': 95215,
 'downloader/response_count': 1,
 'downloader/response_status_count/200': 1,
 'elapsed_time_seconds': 0.167155,
 'finish_reason': 'finished',
 'finish_time': datetime.datetime(2023, 3, 23, 2, 29, 41, 678556),
 'httpcompression/response_bytes': 380725,
 'httpcompression/response_count': 1,
 'log_count/DEBUG': 4,
 'log_count/INFO': 10,
 'response_received_count': 1,
 'scheduler/dequeued': 1,
 'scheduler/dequeued/memory': 1,
 'scheduler/enqueued': 1,
 'scheduler/enqueued/memory': 1,
 'start_time': datetime.datetime(2023, 3, 23, 2, 29, 41, 511401)}
2023-03-23 10:29:41 [scrapy.core.engine] INFO: Spider closed (finished)
2023-03-23 10:29:57 [scrapy.utils.log] INFO: Scrapy 2.8.0 started (bot: myfirstPj)
2023-03-23 10:29:58 [scrapy.utils.log] INFO: Versions: lxml 4.9.2.0, libxml2 2.9.12, cssselect 1.2.0, parsel 1.7.0, w3lib 2.1.1, Twisted 22.10.0, Python 3.9.12 (tags/v3.9.12:b28265d, Mar 23 2022, 23:52:46) [MSC v.1929 64 bit (AMD64)], pyOpenSSL 23.0.0 (OpenSSL 3.0.8 7 Feb 2023), cryptography 39.0.2, Platform Windows-10-10.0.22621-SP0
2023-03-23 10:29:58 [scrapy.crawler] INFO: Overridden settings:
{'BOT_NAME': 'myfirstPj',
 'CONCURRENT_REQUESTS': 32,
 'COOKIES_ENABLED': False,
 'DOWNLOAD_DELAY': 3,
 'FEED_EXPORT_ENCODING': 'utf-8',
 'LOG_FILE': 'baidu.log',
 'NEWSPIDER_MODULE': 'myfirstPj.spiders',
 'REQUEST_FINGERPRINTER_IMPLEMENTATION': '2.7',
 'SPIDER_MODULES': ['myfirstPj.spiders'],
 'TWISTED_REACTOR': 'twisted.internet.asyncioreactor.AsyncioSelectorReactor',
 'USER_AGENT': 'Mozilla/5.0'}
2023-03-23 10:29:58 [asyncio] DEBUG: Using selector: SelectSelector
2023-03-23 10:29:58 [scrapy.utils.log] DEBUG: Using reactor: twisted.internet.asyncioreactor.AsyncioSelectorReactor
2023-03-23 10:29:58 [scrapy.utils.log] DEBUG: Using asyncio event loop: asyncio.windows_events._WindowsSelectorEventLoop
2023-03-23 10:29:58 [scrapy.extensions.telnet] INFO: Telnet Password: 13e4649c555fd106
2023-03-23 10:29:58 [scrapy.middleware] INFO: Enabled extensions:
['scrapy.extensions.corestats.CoreStats',
 'scrapy.extensions.telnet.TelnetConsole',
 'scrapy.extensions.logstats.LogStats']
2023-03-23 10:29:58 [scrapy.middleware] INFO: Enabled downloader middlewares:
['scrapy.downloadermiddlewares.httpauth.HttpAuthMiddleware',
 'scrapy.downloadermiddlewares.downloadtimeout.DownloadTimeoutMiddleware',
 'scrapy.downloadermiddlewares.defaultheaders.DefaultHeadersMiddleware',
 'scrapy.downloadermiddlewares.useragent.UserAgentMiddleware',
 'scrapy.downloadermiddlewares.retry.RetryMiddleware',
 'scrapy.downloadermiddlewares.redirect.MetaRefreshMiddleware',
 'scrapy.downloadermiddlewares.httpcompression.HttpCompressionMiddleware',
 'scrapy.downloadermiddlewares.redirect.RedirectMiddleware',
 'scrapy.downloadermiddlewares.httpproxy.HttpProxyMiddleware',
 'scrapy.downloadermiddlewares.stats.DownloaderStats']
2023-03-23 10:29:58 [scrapy.middleware] INFO: Enabled spider middlewares:
['scrapy.spidermiddlewares.httperror.HttpErrorMiddleware',
 'scrapy.spidermiddlewares.offsite.OffsiteMiddleware',
 'scrapy.spidermiddlewares.referer.RefererMiddleware',
 'scrapy.spidermiddlewares.urllength.UrlLengthMiddleware',
 'scrapy.spidermiddlewares.depth.DepthMiddleware']
2023-03-23 10:29:58 [scrapy.middleware] INFO: Enabled item pipelines:
['myfirstPj.pipelines.BaiduMysqlPipeline', 'myfirstPj.pipelines.BaiduPipeline']
2023-03-23 10:29:58 [scrapy.core.engine] INFO: Spider opened
2023-03-23 10:29:58 [scrapy.extensions.logstats] INFO: Crawled 0 pages (at 0 pages/min), scraped 0 items (at 0 items/min)
2023-03-23 10:29:58 [scrapy.extensions.telnet] INFO: Telnet console listening on 127.0.0.1:6023
2023-03-23 10:29:58 [scrapy.core.engine] DEBUG: Crawled (200) <GET http://www.baidu.com/> (referer: None)
2023-03-23 10:29:58 [scrapy.core.engine] INFO: Closing spider (finished)
2023-03-23 10:29:58 [scrapy.statscollectors] INFO: Dumping Scrapy stats:
{'downloader/request_bytes': 190,
 'downloader/request_count': 1,
 'downloader/request_method_count/GET': 1,
 'downloader/response_bytes': 95187,
 'downloader/response_count': 1,
 'downloader/response_status_count/200': 1,
 'elapsed_time_seconds': 0.161512,
 'finish_reason': 'finished',
 'finish_time': datetime.datetime(2023, 3, 23, 2, 29, 58, 476805),
 'httpcompression/response_bytes': 380939,
 'httpcompression/response_count': 1,
 'log_count/DEBUG': 4,
 'log_count/INFO': 10,
 'response_received_count': 1,
 'scheduler/dequeued': 1,
 'scheduler/dequeued/memory': 1,
 'scheduler/enqueued': 1,
 'scheduler/enqueued/memory': 1,
 'start_time': datetime.datetime(2023, 3, 23, 2, 29, 58, 315293)}
2023-03-23 10:29:58 [scrapy.core.engine] INFO: Spider closed (finished)
